2024-02-19_21:44:41.910 [main] INFO  testCases.TC001_RegistrationTestCase - Entered email
2024-02-19_21:44:41.998 [main] INFO  testCases.TC001_RegistrationTestCase - Entered phone number
2024-02-19_21:44:42.183 [main] INFO  testCases.TC001_RegistrationTestCase - selected radio button
2024-02-19_21:44:42.306 [main] INFO  testCases.TC001_RegistrationTestCase - Entered password
2024-02-19_21:44:42.388 [main] INFO  testCases.TC001_RegistrationTestCase - Entered confirm password
2024-02-19_21:44:42.442 [main] INFO  testCases.TC001_RegistrationTestCase - clicked checkbox
2024-02-19_21:44:42.523 [main] INFO  testCases.TC001_RegistrationTestCase - clicked occupation
2024-02-19_21:44:42.669 [main] INFO  testCases.TC001_RegistrationTestCase - selecting Engineer from dropdown
2024-02-19_21:44:45.718 [main] INFO  testCases.TC001_RegistrationTestCase - clicked Register button
2024-02-19_21:44:45.920 [main] INFO  testCases.TC001_RegistrationTestCase - validated Account creating mesgg successfully
2024-02-19_21:44:45.920 [main] INFO  testCases.TC001_RegistrationTestCase - ************completed register account verification test******************
2024-02-19_21:44:48.767 [main] INFO  testCases.TC002_LoginTestCase - *********Started Login Method*************
2024-02-19_21:44:48.931 [main] INFO  testCases.TC002_LoginTestCase - Entered username
2024-02-19_21:44:49.032 [main] INFO  testCases.TC002_LoginTestCase - Entered password
2024-02-19_21:44:49.084 [main] INFO  testCases.TC002_LoginTestCase - clicked on login button
2024-02-19_21:44:49.318 [main] INFO  testCases.TC002_LoginTestCase - ORDERS button is displayed
2024-02-19_21:44:51.558 [main] INFO  testCases.TC002_LoginTestCase - *********Completed Login Method*************
2024-02-20_16:26:37.700 [main] INFO  testCases.TC001_RegistrationTestCase - ************starting register account verification test******************
2024-02-20_16:26:37.847 [main] INFO  testCases.TC001_RegistrationTestCase - clicked on Register link
2024-02-20_16:26:41.962 [main] INFO  testCases.TC001_RegistrationTestCase - Entered firstname
2024-02-20_16:26:42.062 [main] INFO  testCases.TC001_RegistrationTestCase - Entered lastname
2024-02-20_16:26:42.173 [main] INFO  testCases.TC001_RegistrationTestCase - Entered email
2024-02-20_16:26:42.312 [main] INFO  testCases.TC001_RegistrationTestCase - Entered phone number
2024-02-20_16:26:42.515 [main] INFO  testCases.TC001_RegistrationTestCase - selected radio button
2024-02-20_16:26:42.652 [main] INFO  testCases.TC001_RegistrationTestCase - Entered password
2024-02-20_16:26:42.799 [main] INFO  testCases.TC001_RegistrationTestCase - Entered confirm password
2024-02-20_16:26:42.896 [main] INFO  testCases.TC001_RegistrationTestCase - clicked checkbox
2024-02-20_16:26:43.029 [main] INFO  testCases.TC001_RegistrationTestCase - clicked occupation
2024-02-20_16:26:43.343 [main] INFO  testCases.TC001_RegistrationTestCase - selecting Engineer from dropdown
2024-02-20_16:26:46.403 [main] INFO  testCases.TC001_RegistrationTestCase - clicked Register button
2024-02-20_16:26:46.667 [main] INFO  testCases.TC001_RegistrationTestCase - validated Account creating mesgg successfully
2024-02-20_16:26:46.667 [main] INFO  testCases.TC001_RegistrationTestCase - ************completed register account verification test******************
2024-02-20_16:26:49.061 [main] INFO  testCases.TC002_LoginTestCase - *********Started Login Method*************
2024-02-20_16:26:49.233 [main] INFO  testCases.TC002_LoginTestCase - Entered username
2024-02-20_16:26:49.370 [main] INFO  testCases.TC002_LoginTestCase - Entered password
2024-02-20_16:26:49.433 [main] INFO  testCases.TC002_LoginTestCase - clicked on login button
2024-02-20_16:26:49.743 [main] INFO  testCases.TC002_LoginTestCase - ORDERS button is displayed
2024-02-20_16:26:51.951 [main] INFO  testCases.TC002_LoginTestCase - *********Completed Login Method*************
2024-02-20_16:28:18.843 [main] INFO  testCases.TC001_RegistrationTestCase - ************starting register account verification test******************
2024-02-20_16:28:18.992 [main] INFO  testCases.TC001_RegistrationTestCase - clicked on Register link
2024-02-20_16:28:23.133 [main] INFO  testCases.TC001_RegistrationTestCase - Entered firstname
2024-02-20_16:28:23.261 [main] INFO  testCases.TC001_RegistrationTestCase - Entered lastname
2024-02-20_16:28:23.384 [main] INFO  testCases.TC001_RegistrationTestCase - Entered email
2024-02-20_16:28:23.509 [main] INFO  testCases.TC001_RegistrationTestCase - Entered phone number
2024-02-20_16:28:23.739 [main] INFO  testCases.TC001_RegistrationTestCase - selected radio button
2024-02-20_16:28:23.850 [main] INFO  testCases.TC001_RegistrationTestCase - Entered password
2024-02-20_16:28:23.973 [main] INFO  testCases.TC001_RegistrationTestCase - Entered confirm password
2024-02-20_16:28:24.062 [main] INFO  testCases.TC001_RegistrationTestCase - clicked checkbox
2024-02-20_16:28:24.197 [main] INFO  testCases.TC001_RegistrationTestCase - clicked occupation
