2024-02-19_19:42:03.433 [main] INFO  testCases.TC001_RegistrationTestCase - clicked Register button
2024-02-19_19:42:03.630 [main] INFO  testCases.TC001_RegistrationTestCase - validated Account creating mesgg successfully
2024-02-19_19:42:03.630 [main] INFO  testCases.TC001_RegistrationTestCase - ************completed register account verification test******************
2024-02-19_19:42:07.595 [main] INFO  testCases.TC002_LoginTestCase - *********Started Login Method*************
2024-02-19_19:42:07.774 [main] INFO  testCases.TC002_LoginTestCase - Entered username
2024-02-19_19:42:07.893 [main] INFO  testCases.TC002_LoginTestCase - Entered password
2024-02-19_19:42:07.939 [main] INFO  testCases.TC002_LoginTestCase - clicked on login button
2024-02-19_19:42:08.247 [main] INFO  testCases.TC002_LoginTestCase - ORDERS button is displayed
2024-02-19_19:42:10.447 [main] INFO  testCases.TC002_LoginTestCase - *********Completed Login Method*************
2024-02-19_19:44:39.192 [TestNG-test=Test-1] INFO  testCases.TC001_RegistrationTestCase - ************starting register account verification test******************
2024-02-19_19:44:40.667 [TestNG-test=Test-2] INFO  testCases.TC002_LoginTestCase - *********Started Login Method*************
2024-02-19_19:44:40.792 [TestNG-test=Test-1] INFO  testCases.TC001_RegistrationTestCase - clicked on Register link
2024-02-19_19:44:41.292 [TestNG-test=Test-3] INFO  testCases.TC003_LoginDDTTestCase - *********Started Login DDT*************
2024-02-19_19:44:41.526 [TestNG-test=Test-2] INFO  testCases.TC002_LoginTestCase - Entered username
2024-02-19_19:44:41.585 [TestNG-test=Test-3] INFO  testCases.TC003_LoginDDTTestCase - Entered username
2024-02-19_19:44:41.698 [TestNG-test=Test-2] INFO  testCases.TC002_LoginTestCase - Entered password
2024-02-19_19:44:41.736 [TestNG-test=Test-3] INFO  testCases.TC003_LoginDDTTestCase - Entered password
2024-02-19_19:44:41.781 [TestNG-test=Test-2] INFO  testCases.TC002_LoginTestCase - clicked on login button
2024-02-19_19:44:41.821 [TestNG-test=Test-3] INFO  testCases.TC003_LoginDDTTestCase - clicked on login button
2024-02-19_19:44:51.915 [TestNG-test=Test-2] INFO  testCases.TC002_LoginTestCase - ORDERS button is not displayed
2024-02-19_19:45:11.962 [TestNG-test=Test-1] ERROR testCases.TC001_RegistrationTestCase - test failed
2024-02-19_19:46:55.526 [TestNG-test=Test-2] INFO  testCases.TC002_LoginTestCase - *********Started Login Method*************
2024-02-19_19:46:56.435 [TestNG-test=Test-1] INFO  testCases.TC001_RegistrationTestCase - ************starting register account verification test******************
2024-02-19_19:46:57.701 [TestNG-test=Test-3] INFO  testCases.TC003_LoginDDTTestCase - *********Started Login DDT*************
2024-02-19_19:46:58.125 [TestNG-test=Test-1] INFO  testCases.TC001_RegistrationTestCase - clicked on Register link
2024-02-19_19:47:02.164 [TestNG-test=Test-1] ERROR testCases.TC001_RegistrationTestCase - test failed
2024-02-19_19:47:56.015 [main] INFO  testCases.TC001_RegistrationTestCase - ************starting register account verification test******************
2024-02-19_19:47:56.140 [main] INFO  testCases.TC001_RegistrationTestCase - clicked on Register link
2024-02-19_19:48:00.289 [main] INFO  testCases.TC001_RegistrationTestCase - Entered firstname
2024-02-19_19:48:00.383 [main] INFO  testCases.TC001_RegistrationTestCase - Entered lastname
2024-02-19_19:48:00.483 [main] INFO  testCases.TC001_RegistrationTestCase - Entered email
2024-02-19_19:48:00.548 [main] INFO  testCases.TC001_RegistrationTestCase - Entered phone number
2024-02-19_19:48:00.733 [main] INFO  testCases.TC001_RegistrationTestCase - selected radio button
2024-02-19_19:48:00.870 [main] INFO  testCases.TC001_RegistrationTestCase - Entered password
2024-02-19_19:48:00.966 [main] INFO  testCases.TC001_RegistrationTestCase - Entered confirm password
2024-02-19_19:48:01.025 [main] INFO  testCases.TC001_RegistrationTestCase - clicked checkbox
2024-02-19_19:48:01.106 [main] INFO  testCases.TC001_RegistrationTestCase - clicked occupation
2024-02-19_19:48:01.332 [main] INFO  testCases.TC001_RegistrationTestCase - selecting Engineer from dropdown
2024-02-19_19:48:04.388 [main] INFO  testCases.TC001_RegistrationTestCase - clicked Register button
2024-02-19_19:48:04.553 [main] INFO  testCases.TC001_RegistrationTestCase - validated Account creating mesgg successfully
2024-02-19_19:48:04.553 [main] INFO  testCases.TC001_RegistrationTestCase - ************completed register account verification test******************
2024-02-19_19:48:07.253 [main] INFO  testCases.TC002_LoginTestCase - *********Started Login Method*************
2024-02-19_19:48:07.480 [main] INFO  testCases.TC002_LoginTestCase - Entered username
2024-02-19_19:48:07.603 [main] INFO  testCases.TC002_LoginTestCase - Entered password
2024-02-19_19:48:07.666 [main] INFO  testCases.TC002_LoginTestCase - clicked on login button
2024-02-19_19:48:07.914 [main] INFO  testCases.TC002_LoginTestCase - ORDERS button is displayed
